{"/Users/n/code/valens/lib/index.js":{"path":"/Users/n/code/valens/lib/index.js","s":{"1":1,"2":1,"3":1,"4":1,"5":1},"b":{},"f":{"1":1,"2":1},"fnMap":{"1":{"name":"(anonymous_1)","line":1,"loc":{"start":{"line":1,"column":9},"end":{"line":1,"column":21}}},"2":{"name":"readFile","line":3,"loc":{"start":{"line":3,"column":4},"end":{"line":3,"column":25}}}},"statementMap":{"1":{"start":{"line":1,"column":0},"end":{"line":10,"column":5}},"2":{"start":{"line":3,"column":4},"end":{"line":5,"column":5}},"3":{"start":{"line":4,"column":8},"end":{"line":4,"column":17}},"4":{"start":{"line":7,"column":4},"end":{"line":9,"column":6}},"5":{"start":{"line":12,"column":0},"end":{"line":12,"column":19}}},"branchMap":{}}}